<?xml version="1.0" encoding="UTF-8"?>
<!-- Generated by org.testng.reporters.JUnitReportReporter -->
<testsuite skipped="0" hostname="LAPTOP-OMMN3D4D" name="Verification.Potential" tests="2" failures="0" timestamp="2019-11-25T11:23:02 IST" time="74.129" errors="0">
  <testcase name="verifyPotentail" time="17.068" classname="Verification.Potential"/>
  <testcase name="checkNewPotentails" time="57.061" classname="Verification.Potential"/>
</testsuite> <!-- Verification.Potential -->
