<?xml version="1.0" encoding="UTF-8"?>
<!-- Generated by org.testng.reporters.JUnitReportReporter -->
<testsuite skipped="0" hostname="LAPTOP-OMMN3D4D" name="Verification.Potentails" tests="1" failures="0" timestamp="2019-11-25T10:49:58 IST" time="0.045" errors="0">
  <testcase name="verifyPotentail" time="0.045" classname="Verification.Potentails"/>
</testsuite> <!-- Verification.Potentails -->
