<?xml version="1.0" encoding="UTF-8"?>
<!-- Generated by org.testng.reporters.JUnitReportReporter -->
<testsuite skipped="0" hostname="LAPTOP-OMMN3D4D" name="Verification.macthing" tests="1" failures="0" timestamp="24 Nov 2019 17:05:03 GMT" time="0.013" errors="0">
  <testcase name="just" time="0.013" classname="Verification.macthing"/>
</testsuite> <!-- Verification.macthing -->
